2025-04-25 08:39:22.621 [main] INFO  org.flash.till.Application line:50  - Starting FlashTillApplication using Java 17.0.11 with PID 26608 (D:\ideaprojects\FlashTill\build\classes\java\main started by standard in D:\ideaprojects\FlashTill)
2025-04-25 08:39:22.625 [main] INFO  org.flash.till.Application line:660 - The following 1 profile is active: "local"
2025-04-25 08:39:24.248 [main] WARN  o.m.s.mapper.ClassPathMapperScanner line:44  - No MyBatis mapper was found in '[org.flash.till.**.mapper]' package. Please check your configuration.
2025-04-25 08:39:25.244 [main] INFO  o.s.b.w.e.tomcat.TomcatWebServer line:111 - Tomcat initialized with port 8888 (http)
2025-04-25 08:39:25.270 [main] INFO  o.a.coyote.http11.Http11NioProtocol line:173 - Initializing ProtocolHandler ["http-nio-8888"]
2025-04-25 08:39:25.278 [main] INFO  o.a.catalina.core.StandardService line:173 - Starting service [Tomcat]
2025-04-25 08:39:25.279 [main] INFO  o.a.catalina.core.StandardEngine line:173 - Starting Servlet engine: [Apache Tomcat/10.1.28]
2025-04-25 08:39:25.440 [main] INFO  o.a.c.c.C.[Tomcat].[localhost].[/] line:173 - Initializing Spring embedded WebApplicationContext
2025-04-25 08:39:25.440 [main] INFO  o.s.b.w.s.c.ServletWebServerApplicationContext line:296 - Root WebApplicationContext: initialization completed in 2721 ms
2025-04-25 08:39:26.481 [main] WARN  o.s.b.w.s.c.AnnotationConfigServletWebServerApplicationContext line:633 - Exception encountered during context initialization - cancelling refresh attempt: org.springframework.beans.factory.UnsatisfiedDependencyException: Error creating bean with name 'dataSource' defined in class path resource [org/springframework/boot/autoconfigure/jdbc/DataSourceConfiguration$Generic.class]: Unsatisfied dependency expressed through method 'dataSource' parameter 0: Error creating bean with name 'spring.datasource-org.springframework.boot.autoconfigure.jdbc.DataSourceProperties': Could not bind properties to 'DataSourceProperties' : prefix=spring.datasource, ignoreInvalidFields=false, ignoreUnknownFields=true
2025-04-25 08:39:26.489 [main] INFO  o.a.catalina.core.StandardService line:173 - Stopping service [Tomcat]
2025-04-25 08:39:26.536 [main] INFO  o.s.b.a.l.ConditionEvaluationReportLogger line:82  - 

Error starting ApplicationContext. To display the condition evaluation report re-run your application with 'debug' enabled.
2025-04-25 08:39:26.579 [main] ERROR o.s.b.d.LoggingFailureAnalysisReporter line:40  - 

***************************
APPLICATION FAILED TO START
***************************

Description:

Failed to bind properties under 'spring.datasource.type' to java.lang.Class<javax.sql.DataSource>:

    Property: spring.datasource.type
    Value: "com.alibaba.druid.pool.DruidDataSource"
    Origin: class path resource [application.yml] - 28:11
    Reason: failed to convert java.lang.String to java.lang.Class<javax.sql.DataSource> (caused by java.lang.ClassNotFoundException: com.alibaba.druid.pool.DruidDataSource)

Action:

Update your application's configuration

2025-04-25 08:41:08.618 [main] INFO  org.flash.till.Application line:50  - Starting Application using Java 17.0.11 with PID 22576 (D:\ideaprojects\FlashTill\build\classes\java\main started by standard in D:\ideaprojects\FlashTill)
2025-04-25 08:41:08.635 [main] INFO  org.flash.till.Application line:660 - The following 1 profile is active: "local"
2025-04-25 08:41:10.424 [main] WARN  o.m.s.mapper.ClassPathMapperScanner line:44  - No MyBatis mapper was found in '[org.flash.till.**.mapper]' package. Please check your configuration.
2025-04-25 08:41:11.351 [main] INFO  o.s.b.w.e.tomcat.TomcatWebServer line:111 - Tomcat initialized with port 8888 (http)
2025-04-25 08:41:11.373 [main] INFO  o.a.coyote.http11.Http11NioProtocol line:173 - Initializing ProtocolHandler ["http-nio-8888"]
2025-04-25 08:41:11.383 [main] INFO  o.a.catalina.core.StandardService line:173 - Starting service [Tomcat]
2025-04-25 08:41:11.384 [main] INFO  o.a.catalina.core.StandardEngine line:173 - Starting Servlet engine: [Apache Tomcat/10.1.28]
2025-04-25 08:41:11.529 [main] INFO  o.a.c.c.C.[Tomcat].[localhost].[/] line:173 - Initializing Spring embedded WebApplicationContext
2025-04-25 08:41:11.529 [main] INFO  o.s.b.w.s.c.ServletWebServerApplicationContext line:296 - Root WebApplicationContext: initialization completed in 2812 ms
2025-04-25 08:41:12.570 [main] WARN  o.s.b.w.s.c.AnnotationConfigServletWebServerApplicationContext line:633 - Exception encountered during context initialization - cancelling refresh attempt: org.springframework.beans.factory.UnsatisfiedDependencyException: Error creating bean with name 'dataSource' defined in class path resource [org/springframework/boot/autoconfigure/jdbc/DataSourceConfiguration$Generic.class]: Unsatisfied dependency expressed through method 'dataSource' parameter 0: Error creating bean with name 'spring.datasource-org.springframework.boot.autoconfigure.jdbc.DataSourceProperties': Could not bind properties to 'DataSourceProperties' : prefix=spring.datasource, ignoreInvalidFields=false, ignoreUnknownFields=true
2025-04-25 08:41:12.583 [main] INFO  o.a.catalina.core.StandardService line:173 - Stopping service [Tomcat]
2025-04-25 08:41:12.666 [main] INFO  o.s.b.a.l.ConditionEvaluationReportLogger line:82  - 

Error starting ApplicationContext. To display the condition evaluation report re-run your application with 'debug' enabled.
2025-04-25 08:41:12.721 [main] ERROR o.s.b.d.LoggingFailureAnalysisReporter line:40  - 

***************************
APPLICATION FAILED TO START
***************************

Description:

Failed to bind properties under 'spring.datasource.type' to java.lang.Class<javax.sql.DataSource>:

    Property: spring.datasource.type
    Value: "com.alibaba.druid.pool.DruidDataSource"
    Origin: class path resource [application.yml] - 28:11
    Reason: failed to convert java.lang.String to java.lang.Class<javax.sql.DataSource> (caused by java.lang.ClassNotFoundException: com.alibaba.druid.pool.DruidDataSource)

Action:

Update your application's configuration

2025-04-25 08:43:46.876 [main] INFO  org.flash.till.Application line:50  - Starting Application using Java 17.0.11 with PID 24916 (D:\ideaprojects\FlashTill\build\classes\java\main started by standard in D:\ideaprojects\FlashTill)
2025-04-25 08:43:46.882 [main] INFO  org.flash.till.Application line:660 - The following 1 profile is active: "local"
2025-04-25 08:43:48.741 [main] WARN  o.m.s.mapper.ClassPathMapperScanner line:44  - No MyBatis mapper was found in '[org.flash.till.**.mapper]' package. Please check your configuration.
2025-04-25 08:43:49.693 [main] INFO  o.s.b.w.e.tomcat.TomcatWebServer line:111 - Tomcat initialized with port 8888 (http)
2025-04-25 08:43:49.717 [main] INFO  o.a.coyote.http11.Http11NioProtocol line:173 - Initializing ProtocolHandler ["http-nio-8888"]
2025-04-25 08:43:49.725 [main] INFO  o.a.catalina.core.StandardService line:173 - Starting service [Tomcat]
2025-04-25 08:43:49.725 [main] INFO  o.a.catalina.core.StandardEngine line:173 - Starting Servlet engine: [Apache Tomcat/10.1.28]
2025-04-25 08:43:49.904 [main] INFO  o.a.c.c.C.[Tomcat].[localhost].[/] line:173 - Initializing Spring embedded WebApplicationContext
2025-04-25 08:43:49.905 [main] INFO  o.s.b.w.s.c.ServletWebServerApplicationContext line:296 - Root WebApplicationContext: initialization completed in 2927 ms
2025-04-25 08:43:51.099 [main] WARN  o.s.b.w.s.c.AnnotationConfigServletWebServerApplicationContext line:633 - Exception encountered during context initialization - cancelling refresh attempt: org.springframework.beans.factory.UnsatisfiedDependencyException: Error creating bean with name 'dataSource' defined in class path resource [org/springframework/boot/autoconfigure/jdbc/DataSourceConfiguration$Generic.class]: Unsatisfied dependency expressed through method 'dataSource' parameter 0: Error creating bean with name 'spring.datasource-org.springframework.boot.autoconfigure.jdbc.DataSourceProperties': Could not bind properties to 'DataSourceProperties' : prefix=spring.datasource, ignoreInvalidFields=false, ignoreUnknownFields=true
2025-04-25 08:43:51.110 [main] INFO  o.a.catalina.core.StandardService line:173 - Stopping service [Tomcat]
2025-04-25 08:43:51.146 [main] INFO  o.s.b.a.l.ConditionEvaluationReportLogger line:82  - 

Error starting ApplicationContext. To display the condition evaluation report re-run your application with 'debug' enabled.
2025-04-25 08:43:51.192 [main] ERROR o.s.b.d.LoggingFailureAnalysisReporter line:40  - 

***************************
APPLICATION FAILED TO START
***************************

Description:

Failed to bind properties under 'spring.datasource.type' to java.lang.Class<javax.sql.DataSource>:

    Property: spring.datasource.type
    Value: "com.alibaba.druid.pool.DruidDataSource"
    Origin: class path resource [application.yml] - 28:11
    Reason: failed to convert java.lang.String to java.lang.Class<javax.sql.DataSource> (caused by java.lang.ClassNotFoundException: com.alibaba.druid.pool.DruidDataSource)

Action:

Update your application's configuration

2025-04-25 08:45:29.674 [main] INFO  org.flash.till.Application line:50  - Starting Application using Java 17.0.11 with PID 23244 (D:\ideaprojects\FlashTill\build\classes\java\main started by standard in D:\ideaprojects\FlashTill)
2025-04-25 08:45:29.682 [main] INFO  org.flash.till.Application line:660 - The following 1 profile is active: "local"
2025-04-25 08:45:31.669 [main] WARN  o.m.s.mapper.ClassPathMapperScanner line:44  - No MyBatis mapper was found in '[org.flash.till.**.mapper]' package. Please check your configuration.
2025-04-25 08:45:32.649 [main] INFO  o.s.b.w.e.tomcat.TomcatWebServer line:111 - Tomcat initialized with port 8888 (http)
2025-04-25 08:45:32.671 [main] INFO  o.a.coyote.http11.Http11NioProtocol line:173 - Initializing ProtocolHandler ["http-nio-8888"]
2025-04-25 08:45:32.679 [main] INFO  o.a.catalina.core.StandardService line:173 - Starting service [Tomcat]
2025-04-25 08:45:32.681 [main] INFO  o.a.catalina.core.StandardEngine line:173 - Starting Servlet engine: [Apache Tomcat/10.1.28]
2025-04-25 08:45:32.841 [main] INFO  o.a.c.c.C.[Tomcat].[localhost].[/] line:173 - Initializing Spring embedded WebApplicationContext
2025-04-25 08:45:32.841 [main] INFO  o.s.b.w.s.c.ServletWebServerApplicationContext line:296 - Root WebApplicationContext: initialization completed in 3025 ms
2025-04-25 08:45:35.900 [main] WARN  o.s.b.w.s.c.AnnotationConfigServletWebServerApplicationContext line:633 - Exception encountered during context initialization - cancelling refresh attempt: org.springframework.beans.factory.UnsatisfiedDependencyException: Error creating bean with name 'dataSource' defined in class path resource [org/springframework/boot/autoconfigure/jdbc/DataSourceConfiguration$Generic.class]: Unsatisfied dependency expressed through method 'dataSource' parameter 0: Error creating bean with name 'spring.datasource-org.springframework.boot.autoconfigure.jdbc.DataSourceProperties': Could not bind properties to 'DataSourceProperties' : prefix=spring.datasource, ignoreInvalidFields=false, ignoreUnknownFields=true
2025-04-25 08:45:35.920 [main] INFO  o.a.catalina.core.StandardService line:173 - Stopping service [Tomcat]
2025-04-25 08:45:36.020 [main] INFO  o.s.b.a.l.ConditionEvaluationReportLogger line:82  - 

Error starting ApplicationContext. To display the condition evaluation report re-run your application with 'debug' enabled.
2025-04-25 08:45:36.143 [main] ERROR o.s.b.d.LoggingFailureAnalysisReporter line:40  - 

***************************
APPLICATION FAILED TO START
***************************

Description:

Failed to bind properties under 'spring.datasource.type' to java.lang.Class<javax.sql.DataSource>:

    Property: spring.datasource.type
    Value: "com.alibaba.druid.pool.DruidDataSource"
    Origin: class path resource [application.yml] - 28:11
    Reason: failed to convert java.lang.String to java.lang.Class<javax.sql.DataSource> (caused by java.lang.ClassNotFoundException: com.alibaba.druid.pool.DruidDataSource)

Action:

Update your application's configuration

2025-04-25 08:59:49.591 [main] INFO  org.flash.till.Application line:50  - Starting Application using Java 17.0.11 with PID 32732 (D:\ideaprojects\FlashTill\build\classes\java\main started by standard in D:\ideaprojects\FlashTill)
2025-04-25 08:59:49.598 [main] INFO  org.flash.till.Application line:660 - The following 1 profile is active: "local"
2025-04-25 08:59:51.395 [main] WARN  o.m.s.mapper.ClassPathMapperScanner line:44  - No MyBatis mapper was found in '[org.flash.till.**.mapper]' package. Please check your configuration.
2025-04-25 08:59:52.439 [main] INFO  o.s.b.w.e.tomcat.TomcatWebServer line:111 - Tomcat initialized with port 8888 (http)
2025-04-25 08:59:52.465 [main] INFO  o.a.coyote.http11.Http11NioProtocol line:173 - Initializing ProtocolHandler ["http-nio-8888"]
2025-04-25 08:59:52.473 [main] INFO  o.a.catalina.core.StandardService line:173 - Starting service [Tomcat]
2025-04-25 08:59:52.475 [main] INFO  o.a.catalina.core.StandardEngine line:173 - Starting Servlet engine: [Apache Tomcat/10.1.28]
2025-04-25 08:59:52.651 [main] INFO  o.a.c.c.C.[Tomcat].[localhost].[/] line:173 - Initializing Spring embedded WebApplicationContext
2025-04-25 08:59:52.652 [main] INFO  o.s.b.w.s.c.ServletWebServerApplicationContext line:296 - Root WebApplicationContext: initialization completed in 2926 ms
2025-04-25 08:59:54.809 [main] INFO  o.a.coyote.http11.Http11NioProtocol line:173 - Starting ProtocolHandler ["http-nio-8888"]
2025-04-25 08:59:54.862 [main] INFO  o.s.b.w.e.tomcat.TomcatWebServer line:243 - Tomcat started on port 8888 (http) with context path '/'
2025-04-25 08:59:54.885 [main] INFO  org.flash.till.Application line:56  - Started Application in 6.505 seconds (process running for 7.143)
2025-04-25 08:59:54.891 [main] INFO  org.flash.till.Application line:16  - ##################################################
2025-04-25 08:59:54.892 [main] INFO  org.flash.till.Application line:17  - #                                                #
2025-04-25 08:59:54.892 [main] INFO  org.flash.till.Application line:18  - #  FlashTill Application Started Successfully!   #
2025-04-25 08:59:54.892 [main] INFO  org.flash.till.Application line:19  - #                                                #
2025-04-25 08:59:54.893 [main] INFO  org.flash.till.Application line:20  - ##################################################
2025-04-25 08:59:54.893 [main] INFO  org.flash.till.Application line:21  - 
2025-04-25 08:59:54.893 [main] INFO  org.flash.till.Application line:22  - *#- Java Version: 17.0.11 -#*
2025-04-25 08:59:54.896 [main] INFO  org.flash.till.Application line:23  - *#- Working Directory: D:\ideaprojects\FlashTill -#*
2025-04-25 08:59:54.897 [main] INFO  org.flash.till.Application line:24  - *#- Operating System: Windows 11 -#*
2025-04-25 08:59:54.897 [main] INFO  org.flash.till.Application line:25  - *#- Active Profile (Env): null -#*
2025-04-25 08:59:54.897 [main] INFO  org.flash.till.Application line:26  - *#- Active Profile (Prop): null -#*
2025-04-25 08:59:54.918 [main] INFO  org.flash.till.Application line:27  - *#- Command Line Args: {} -#*
2025-04-25 08:59:54.918 [main] INFO  org.flash.till.Application line:28  - 
2025-04-25 08:59:54.918 [main] INFO  org.flash.till.Application line:29  - ##################################################
2025-04-25 08:59:54.918 [main] INFO  org.flash.till.Application line:30  - #                                                #
2025-04-25 08:59:54.919 [main] INFO  org.flash.till.Application line:31  - #  Application is now running...                 #
2025-04-25 08:59:54.919 [main] INFO  org.flash.till.Application line:32  - #                                                #
2025-04-25 08:59:54.919 [main] INFO  org.flash.till.Application line:33  - ##################################################
2025-04-25 09:02:09.575 [main] INFO  org.flash.till.Application line:50  - Starting Application using Java 17.0.11 with PID 30976 (D:\ideaprojects\FlashTill\build\classes\java\main started by standard in D:\ideaprojects\FlashTill)
2025-04-25 09:02:09.592 [main] INFO  org.flash.till.Application line:660 - The following 1 profile is active: "local"
2025-04-25 09:02:11.716 [main] WARN  o.m.s.mapper.ClassPathMapperScanner line:44  - No MyBatis mapper was found in '[org.flash.till.**.mapper]' package. Please check your configuration.
2025-04-25 09:02:12.849 [main] INFO  o.s.b.w.e.tomcat.TomcatWebServer line:111 - Tomcat initialized with port 8888 (http)
2025-04-25 09:02:12.875 [main] INFO  o.a.coyote.http11.Http11NioProtocol line:173 - Initializing ProtocolHandler ["http-nio-8888"]
2025-04-25 09:02:12.889 [main] INFO  o.a.catalina.core.StandardService line:173 - Starting service [Tomcat]
2025-04-25 09:02:12.889 [main] INFO  o.a.catalina.core.StandardEngine line:173 - Starting Servlet engine: [Apache Tomcat/10.1.28]
2025-04-25 09:02:13.050 [main] INFO  o.a.c.c.C.[Tomcat].[localhost].[/] line:173 - Initializing Spring embedded WebApplicationContext
2025-04-25 09:02:13.054 [main] INFO  o.s.b.w.s.c.ServletWebServerApplicationContext line:296 - Root WebApplicationContext: initialization completed in 3367 ms
2025-04-25 09:02:17.774 [main] INFO  o.a.coyote.http11.Http11NioProtocol line:173 - Starting ProtocolHandler ["http-nio-8888"]
2025-04-25 09:02:17.844 [main] INFO  o.s.b.w.e.tomcat.TomcatWebServer line:243 - Tomcat started on port 8888 (http) with context path '/'
2025-04-25 09:02:17.885 [main] INFO  org.flash.till.Application line:56  - Started Application in 9.299 seconds (process running for 9.989)
2025-04-25 09:02:17.898 [main] INFO  org.flash.till.Application line:15  - ##################################################
2025-04-25 09:02:17.898 [main] INFO  org.flash.till.Application line:16  - #                                                #
2025-04-25 09:02:17.898 [main] INFO  org.flash.till.Application line:17  - #  FlashTill Application Started Successfully!   #
2025-04-25 09:02:17.898 [main] INFO  org.flash.till.Application line:18  - #                                                #
2025-04-25 09:02:17.898 [main] INFO  org.flash.till.Application line:19  - ##################################################
2025-04-25 09:02:17.899 [main] INFO  org.flash.till.Application line:20  - 
2025-04-25 09:02:17.899 [main] INFO  org.flash.till.Application line:21  - *#-      Java Version: 17.0.11 
2025-04-25 09:02:17.903 [main] INFO  org.flash.till.Application line:22  - *#- Working Directory: D:\ideaprojects\FlashTill 
2025-04-25 09:02:17.903 [main] INFO  org.flash.till.Application line:23  - *#-  Operating System: Windows 11 
2025-04-25 09:02:17.903 [main] INFO  org.flash.till.Application line:24  - 
2025-04-25 09:02:17.903 [main] INFO  org.flash.till.Application line:25  - ##################################################
2025-04-25 09:02:17.905 [main] INFO  org.flash.till.Application line:26  - #                                                #
2025-04-25 09:02:17.905 [main] INFO  org.flash.till.Application line:27  - #  Application is now running...                 #
2025-04-25 09:02:17.905 [main] INFO  org.flash.till.Application line:28  - #                                                #
2025-04-25 09:02:17.905 [main] INFO  org.flash.till.Application line:29  - ##################################################
2025-04-25 09:03:23.282 [main] INFO  org.flash.till.Application line:50  - Starting Application using Java 17.0.11 with PID 10356 (D:\ideaprojects\FlashTill\build\classes\java\main started by standard in D:\ideaprojects\FlashTill)
2025-04-25 09:03:23.286 [main] INFO  org.flash.till.Application line:660 - The following 1 profile is active: "local"
2025-04-25 09:03:24.773 [main] WARN  o.m.s.mapper.ClassPathMapperScanner line:44  - No MyBatis mapper was found in '[org.flash.till.**.mapper]' package. Please check your configuration.
2025-04-25 09:03:25.771 [main] INFO  o.s.b.w.e.tomcat.TomcatWebServer line:111 - Tomcat initialized with port 8888 (http)
2025-04-25 09:03:25.797 [main] INFO  o.a.coyote.http11.Http11NioProtocol line:173 - Initializing ProtocolHandler ["http-nio-8888"]
2025-04-25 09:03:25.808 [main] INFO  o.a.catalina.core.StandardService line:173 - Starting service [Tomcat]
2025-04-25 09:03:25.809 [main] INFO  o.a.catalina.core.StandardEngine line:173 - Starting Servlet engine: [Apache Tomcat/10.1.28]
2025-04-25 09:03:25.984 [main] INFO  o.a.c.c.C.[Tomcat].[localhost].[/] line:173 - Initializing Spring embedded WebApplicationContext
2025-04-25 09:03:25.985 [main] INFO  o.s.b.w.s.c.ServletWebServerApplicationContext line:296 - Root WebApplicationContext: initialization completed in 2600 ms
2025-04-25 09:03:28.152 [main] INFO  o.a.coyote.http11.Http11NioProtocol line:173 - Starting ProtocolHandler ["http-nio-8888"]
2025-04-25 09:03:28.221 [main] INFO  o.s.b.w.e.tomcat.TomcatWebServer line:243 - Tomcat started on port 8888 (http) with context path '/'
2025-04-25 09:03:28.249 [main] INFO  org.flash.till.Application line:56  - Started Application in 5.82 seconds (process running for 6.403)
2025-04-25 09:03:28.254 [main] INFO  org.flash.till.Application line:15  - ##################################################
2025-04-25 09:03:28.254 [main] INFO  org.flash.till.Application line:16  - #                                                #
2025-04-25 09:03:28.255 [main] INFO  org.flash.till.Application line:17  - #  FlashTill Application Started Successfully!   #
2025-04-25 09:03:28.255 [main] INFO  org.flash.till.Application line:18  - #                                                #
2025-04-25 09:03:28.255 [main] INFO  org.flash.till.Application line:19  - ##################################################
2025-04-25 09:03:28.255 [main] INFO  org.flash.till.Application line:20  - 
2025-04-25 09:03:28.255 [main] INFO  org.flash.till.Application line:21  - *#-      Java Version: 17.0.11 
2025-04-25 09:03:28.258 [main] INFO  org.flash.till.Application line:22  - *#- Working Directory: D:\ideaprojects\FlashTill 
2025-04-25 09:03:28.258 [main] INFO  org.flash.till.Application line:23  - *#-  Operating System: Windows 11 
2025-04-25 09:03:28.258 [main] INFO  org.flash.till.Application line:24  - 
2025-04-25 09:03:28.259 [main] INFO  org.flash.till.Application line:25  - ##################################################
2025-04-25 09:03:28.259 [main] INFO  org.flash.till.Application line:26  - #                                                #
2025-04-25 09:03:28.259 [main] INFO  org.flash.till.Application line:27  - #  Application is now running...                 #
2025-04-25 09:03:28.259 [main] INFO  org.flash.till.Application line:28  - #                                                #
2025-04-25 09:03:28.260 [main] INFO  org.flash.till.Application line:29  - ##################################################
2025-04-25 09:15:30.148 [main] INFO  org.flash.till.Application line:50  - Starting Application using Java 17.0.11 with PID 8188 (D:\ideaprojects\FlashTill\build\classes\java\main started by standard in D:\ideaprojects\FlashTill)
2025-04-25 09:15:30.169 [main] INFO  org.flash.till.Application line:660 - The following 1 profile is active: "local"
2025-04-25 09:15:31.964 [main] WARN  o.m.s.mapper.ClassPathMapperScanner line:44  - No MyBatis mapper was found in '[org.flash.till.**.mapper]' package. Please check your configuration.
2025-04-25 09:15:32.820 [main] INFO  o.s.b.w.e.tomcat.TomcatWebServer line:111 - Tomcat initialized with port 8888 (http)
2025-04-25 09:15:32.835 [main] INFO  o.a.coyote.http11.Http11NioProtocol line:173 - Initializing ProtocolHandler ["http-nio-8888"]
2025-04-25 09:15:32.843 [main] INFO  o.a.catalina.core.StandardService line:173 - Starting service [Tomcat]
2025-04-25 09:15:32.843 [main] INFO  o.a.catalina.core.StandardEngine line:173 - Starting Servlet engine: [Apache Tomcat/10.1.28]
2025-04-25 09:15:32.962 [main] INFO  o.a.c.c.C.[Tomcat].[localhost].[/] line:173 - Initializing Spring embedded WebApplicationContext
2025-04-25 09:15:32.963 [main] INFO  o.s.b.w.s.c.ServletWebServerApplicationContext line:296 - Root WebApplicationContext: initialization completed in 2702 ms
2025-04-25 09:15:34.879 [main] INFO  o.a.coyote.http11.Http11NioProtocol line:173 - Starting ProtocolHandler ["http-nio-8888"]
2025-04-25 09:15:34.923 [main] INFO  o.s.b.w.e.tomcat.TomcatWebServer line:243 - Tomcat started on port 8888 (http) with context path '/'
2025-04-25 09:15:34.949 [main] INFO  org.flash.till.Application line:56  - Started Application in 5.703 seconds (process running for 6.106)
2025-04-25 09:15:34.958 [main] INFO  org.flash.till.Application line:15  - ##################################################
2025-04-25 09:15:34.959 [main] INFO  org.flash.till.Application line:16  - #                                                #
2025-04-25 09:15:34.959 [main] INFO  org.flash.till.Application line:17  - #  FlashTill Application Started Successfully!   #
2025-04-25 09:15:34.959 [main] INFO  org.flash.till.Application line:18  - #                                                #
2025-04-25 09:15:34.960 [main] INFO  org.flash.till.Application line:19  - ##################################################
2025-04-25 09:15:34.960 [main] INFO  org.flash.till.Application line:20  - 
2025-04-25 09:15:34.960 [main] INFO  org.flash.till.Application line:21  - *#-      Java Version: 17.0.11 
2025-04-25 09:15:34.963 [main] INFO  org.flash.till.Application line:22  - *#- Working Directory: D:\ideaprojects\FlashTill 
2025-04-25 09:15:34.963 [main] INFO  org.flash.till.Application line:23  - *#-  Operating System: Windows 11 
2025-04-25 09:15:34.963 [main] INFO  org.flash.till.Application line:24  - 
2025-04-25 09:15:34.963 [main] INFO  org.flash.till.Application line:25  - ##################################################
2025-04-25 09:15:34.963 [main] INFO  org.flash.till.Application line:26  - #                                                #
2025-04-25 09:15:34.963 [main] INFO  org.flash.till.Application line:27  - #  Application is now running...                 #
2025-04-25 09:15:34.964 [main] INFO  org.flash.till.Application line:28  - #                                                #
2025-04-25 09:15:34.964 [main] INFO  org.flash.till.Application line:29  - ##################################################
2025-04-25 09:15:35.543 [http-nio-8888-exec-1] INFO  o.a.c.c.C.[Tomcat].[localhost].[/] line:173 - Initializing Spring DispatcherServlet 'dispatcherServlet'
2025-04-25 09:15:35.543 [http-nio-8888-exec-1] INFO  o.s.web.servlet.DispatcherServlet line:532 - Initializing Servlet 'dispatcherServlet'
2025-04-25 09:15:35.548 [http-nio-8888-exec-1] INFO  o.s.web.servlet.DispatcherServlet line:554 - Completed initialization in 2 ms
2025-04-25 09:15:36.470 [http-nio-8888-exec-10] INFO  o.s.api.AbstractOpenApiResource line:390 - Init duration for springdoc-openapi is: 365 ms
2025-04-25 09:28:38.295 [main] INFO  org.flash.till.Application line:50  - Starting Application using Java 17.0.11 with PID 30316 (D:\ideaprojects\FlashTill\build\classes\java\main started by standard in D:\ideaprojects\FlashTill)
2025-04-25 09:28:38.312 [main] INFO  org.flash.till.Application line:660 - The following 1 profile is active: "local"
2025-04-25 09:28:39.760 [main] WARN  o.m.s.mapper.ClassPathMapperScanner line:44  - No MyBatis mapper was found in '[org.flash.till.**.mapper]' package. Please check your configuration.
2025-04-25 09:28:40.733 [main] INFO  o.s.b.w.e.tomcat.TomcatWebServer line:111 - Tomcat initialized with port 8888 (http)
2025-04-25 09:28:40.767 [main] INFO  o.a.coyote.http11.Http11NioProtocol line:173 - Initializing ProtocolHandler ["http-nio-8888"]
2025-04-25 09:28:40.782 [main] INFO  o.a.catalina.core.StandardService line:173 - Starting service [Tomcat]
2025-04-25 09:28:40.783 [main] INFO  o.a.catalina.core.StandardEngine line:173 - Starting Servlet engine: [Apache Tomcat/10.1.28]
2025-04-25 09:28:40.949 [main] INFO  o.a.c.c.C.[Tomcat].[localhost].[/] line:173 - Initializing Spring embedded WebApplicationContext
2025-04-25 09:28:40.950 [main] INFO  o.s.b.w.s.c.ServletWebServerApplicationContext line:296 - Root WebApplicationContext: initialization completed in 2557 ms
2025-04-25 09:28:43.413 [main] INFO  o.a.coyote.http11.Http11NioProtocol line:173 - Starting ProtocolHandler ["http-nio-8888"]
2025-04-25 09:28:43.483 [main] INFO  o.s.b.w.e.tomcat.TomcatWebServer line:243 - Tomcat started on port 8888 (http) with context path '/'
2025-04-25 09:28:43.520 [main] INFO  org.flash.till.Application line:56  - Started Application in 6.059 seconds (process running for 6.496)
2025-04-25 09:28:43.526 [main] INFO  org.flash.till.Application line:15  - ##################################################
2025-04-25 09:28:43.526 [main] INFO  org.flash.till.Application line:16  - #                                                #
2025-04-25 09:28:43.526 [main] INFO  org.flash.till.Application line:17  - #  FlashTill Application Started Successfully!   #
2025-04-25 09:28:43.528 [main] INFO  org.flash.till.Application line:18  - #                                                #
2025-04-25 09:28:43.528 [main] INFO  org.flash.till.Application line:19  - ##################################################
2025-04-25 09:28:43.529 [main] INFO  org.flash.till.Application line:20  - 
2025-04-25 09:28:43.530 [main] INFO  org.flash.till.Application line:21  - *#-      Java Version: 17.0.11 
2025-04-25 09:28:43.533 [main] INFO  org.flash.till.Application line:22  - *#- Working Directory: D:\ideaprojects\FlashTill 
2025-04-25 09:28:43.534 [main] INFO  org.flash.till.Application line:23  - *#-  Operating System: Windows 11 
2025-04-25 09:28:43.536 [main] INFO  org.flash.till.Application line:24  - 
2025-04-25 09:28:43.536 [main] INFO  org.flash.till.Application line:25  - ##################################################
2025-04-25 09:28:43.536 [main] INFO  org.flash.till.Application line:26  - #                                                #
2025-04-25 09:28:43.536 [main] INFO  org.flash.till.Application line:27  - #  Application is now running...                 #
2025-04-25 09:28:43.537 [main] INFO  org.flash.till.Application line:28  - #                                                #
2025-04-25 09:28:43.537 [main] INFO  org.flash.till.Application line:29  - ##################################################
2025-04-25 09:29:30.333 [http-nio-8888-exec-1] INFO  o.a.c.c.C.[Tomcat].[localhost].[/] line:173 - Initializing Spring DispatcherServlet 'dispatcherServlet'
2025-04-25 09:29:30.333 [http-nio-8888-exec-1] INFO  o.s.web.servlet.DispatcherServlet line:532 - Initializing Servlet 'dispatcherServlet'
2025-04-25 09:29:30.335 [http-nio-8888-exec-1] INFO  o.s.web.servlet.DispatcherServlet line:554 - Completed initialization in 2 ms
2025-04-25 09:29:36.278 [http-nio-8888-exec-10] INFO  o.s.api.AbstractOpenApiResource line:390 - Init duration for springdoc-openapi is: 278 ms
2025-04-25 10:00:28.610 [main] INFO  org.flash.till.Application line:50  - Starting Application using Java 17.0.11 with PID 12640 (D:\ideaprojects\FlashTill\build\classes\java\main started by standard in D:\ideaprojects\FlashTill)
2025-04-25 10:00:28.627 [main] INFO  org.flash.till.Application line:660 - The following 1 profile is active: "local"
2025-04-25 10:00:30.705 [main] WARN  o.m.s.mapper.ClassPathMapperScanner line:44  - No MyBatis mapper was found in '[org.flash.till.**.mapper]' package. Please check your configuration.
2025-04-25 10:00:31.783 [main] INFO  o.s.b.w.e.tomcat.TomcatWebServer line:111 - Tomcat initialized with port 8888 (http)
2025-04-25 10:00:31.807 [main] INFO  o.a.coyote.http11.Http11NioProtocol line:173 - Initializing ProtocolHandler ["http-nio-8888"]
2025-04-25 10:00:31.818 [main] INFO  o.a.catalina.core.StandardService line:173 - Starting service [Tomcat]
2025-04-25 10:00:31.819 [main] INFO  o.a.catalina.core.StandardEngine line:173 - Starting Servlet engine: [Apache Tomcat/10.1.28]
2025-04-25 10:00:31.991 [main] INFO  o.a.c.c.C.[Tomcat].[localhost].[/] line:173 - Initializing Spring embedded WebApplicationContext
2025-04-25 10:00:31.992 [main] INFO  o.s.b.w.s.c.ServletWebServerApplicationContext line:296 - Root WebApplicationContext: initialization completed in 3225 ms
2025-04-25 10:00:34.417 [main] INFO  o.a.coyote.http11.Http11NioProtocol line:173 - Starting ProtocolHandler ["http-nio-8888"]
2025-04-25 10:00:34.470 [main] INFO  o.s.b.w.e.tomcat.TomcatWebServer line:243 - Tomcat started on port 8888 (http) with context path '/'
2025-04-25 10:00:34.497 [main] INFO  org.flash.till.Application line:56  - Started Application in 6.832 seconds (process running for 7.339)
2025-04-25 10:00:34.503 [main] INFO  org.flash.till.Application line:15  - ##################################################
2025-04-25 10:00:34.503 [main] INFO  org.flash.till.Application line:16  - #                                                #
2025-04-25 10:00:34.503 [main] INFO  org.flash.till.Application line:17  - #  FlashTill Application Started Successfully!   #
2025-04-25 10:00:34.503 [main] INFO  org.flash.till.Application line:18  - #                                                #
2025-04-25 10:00:34.503 [main] INFO  org.flash.till.Application line:19  - ##################################################
2025-04-25 10:00:34.504 [main] INFO  org.flash.till.Application line:20  - 
2025-04-25 10:00:34.505 [main] INFO  org.flash.till.Application line:21  - *#-      Java Version: 17.0.11 
2025-04-25 10:00:34.507 [main] INFO  org.flash.till.Application line:22  - *#- Working Directory: D:\ideaprojects\FlashTill 
2025-04-25 10:00:34.508 [main] INFO  org.flash.till.Application line:23  - *#-  Operating System: Windows 11 
2025-04-25 10:00:34.508 [main] INFO  org.flash.till.Application line:24  - 
2025-04-25 10:00:34.508 [main] INFO  org.flash.till.Application line:25  - ##################################################
2025-04-25 10:00:34.509 [main] INFO  org.flash.till.Application line:26  - #                                                #
2025-04-25 10:00:34.509 [main] INFO  org.flash.till.Application line:27  - #  Application is now running...                 #
2025-04-25 10:00:34.510 [main] INFO  org.flash.till.Application line:28  - #                                                #
2025-04-25 10:00:34.510 [main] INFO  org.flash.till.Application line:29  - ##################################################
2025-04-25 10:01:02.951 [http-nio-8888-exec-1] INFO  o.a.c.c.C.[Tomcat].[localhost].[/] line:173 - Initializing Spring DispatcherServlet 'dispatcherServlet'
2025-04-25 10:01:02.951 [http-nio-8888-exec-1] INFO  o.s.web.servlet.DispatcherServlet line:532 - Initializing Servlet 'dispatcherServlet'
2025-04-25 10:01:02.953 [http-nio-8888-exec-1] INFO  o.s.web.servlet.DispatcherServlet line:554 - Completed initialization in 2 ms
2025-04-25 10:01:03.002 [http-nio-8888-exec-1] ERROR o.f.till.base.GlobalExceptionHandler line:17  - 全局异常>>
org.flash.till.base.FTException: null
	at org.flash.till.base.FTException.exception(FTException.java:13)
	at org.flash.till.base.FTAssert.notBlank(FTAssert.java:36)
	at org.flash.till.back.dish.controller.DishController.add(DishController.java:15)
	at java.base/jdk.internal.reflect.NativeMethodAccessorImpl.invoke0(Native Method)
	at java.base/jdk.internal.reflect.NativeMethodAccessorImpl.invoke(NativeMethodAccessorImpl.java:77)
	at java.base/jdk.internal.reflect.DelegatingMethodAccessorImpl.invoke(DelegatingMethodAccessorImpl.java:43)
	at java.base/java.lang.reflect.Method.invoke(Method.java:568)
	at org.springframework.web.method.support.InvocableHandlerMethod.doInvoke(InvocableHandlerMethod.java:255)
	at org.springframework.web.method.support.InvocableHandlerMethod.invokeForRequest(InvocableHandlerMethod.java:188)
	at org.springframework.web.servlet.mvc.method.annotation.ServletInvocableHandlerMethod.invokeAndHandle(ServletInvocableHandlerMethod.java:118)
	at org.springframework.web.servlet.mvc.method.annotation.RequestMappingHandlerAdapter.invokeHandlerMethod(RequestMappingHandlerAdapter.java:926)
	at org.springframework.web.servlet.mvc.method.annotation.RequestMappingHandlerAdapter.handleInternal(RequestMappingHandlerAdapter.java:831)
	at org.springframework.web.servlet.mvc.method.AbstractHandlerMethodAdapter.handle(AbstractHandlerMethodAdapter.java:87)
	at org.springframework.web.servlet.DispatcherServlet.doDispatch(DispatcherServlet.java:1089)
	at org.springframework.web.servlet.DispatcherServlet.doService(DispatcherServlet.java:979)
	at org.springframework.web.servlet.FrameworkServlet.processRequest(FrameworkServlet.java:1014)
	at org.springframework.web.servlet.FrameworkServlet.doPost(FrameworkServlet.java:914)
	at jakarta.servlet.http.HttpServlet.service(HttpServlet.java:590)
	at org.springframework.web.servlet.FrameworkServlet.service(FrameworkServlet.java:885)
	at jakarta.servlet.http.HttpServlet.service(HttpServlet.java:658)
	at org.apache.catalina.core.ApplicationFilterChain.internalDoFilter(ApplicationFilterChain.java:195)
	at org.apache.catalina.core.ApplicationFilterChain.doFilter(ApplicationFilterChain.java:140)
	at org.apache.tomcat.websocket.server.WsFilter.doFilter(WsFilter.java:51)
	at org.apache.catalina.core.ApplicationFilterChain.internalDoFilter(ApplicationFilterChain.java:164)
	at org.apache.catalina.core.ApplicationFilterChain.doFilter(ApplicationFilterChain.java:140)
	at org.springframework.web.filter.RequestContextFilter.doFilterInternal(RequestContextFilter.java:100)
	at org.springframework.web.filter.OncePerRequestFilter.doFilter(OncePerRequestFilter.java:116)
	at org.apache.catalina.core.ApplicationFilterChain.internalDoFilter(ApplicationFilterChain.java:164)
	at org.apache.catalina.core.ApplicationFilterChain.doFilter(ApplicationFilterChain.java:140)
	at org.springframework.web.filter.FormContentFilter.doFilterInternal(FormContentFilter.java:93)
	at org.springframework.web.filter.OncePerRequestFilter.doFilter(OncePerRequestFilter.java:116)
	at org.apache.catalina.core.ApplicationFilterChain.internalDoFilter(ApplicationFilterChain.java:164)
	at org.apache.catalina.core.ApplicationFilterChain.doFilter(ApplicationFilterChain.java:140)
	at org.springframework.web.filter.CharacterEncodingFilter.doFilterInternal(CharacterEncodingFilter.java:201)
	at org.springframework.web.filter.OncePerRequestFilter.doFilter(OncePerRequestFilter.java:116)
	at org.apache.catalina.core.ApplicationFilterChain.internalDoFilter(ApplicationFilterChain.java:164)
	at org.apache.catalina.core.ApplicationFilterChain.doFilter(ApplicationFilterChain.java:140)
	at org.apache.catalina.core.StandardWrapperValve.invoke(StandardWrapperValve.java:167)
	at org.apache.catalina.core.StandardContextValve.invoke(StandardContextValve.java:90)
	at org.apache.catalina.authenticator.AuthenticatorBase.invoke(AuthenticatorBase.java:483)
	at org.apache.catalina.core.StandardHostValve.invoke(StandardHostValve.java:115)
	at org.apache.catalina.valves.ErrorReportValve.invoke(ErrorReportValve.java:93)
	at org.apache.catalina.core.StandardEngineValve.invoke(StandardEngineValve.java:74)
	at org.apache.catalina.connector.CoyoteAdapter.service(CoyoteAdapter.java:344)
	at org.apache.coyote.http11.Http11Processor.service(Http11Processor.java:384)
	at org.apache.coyote.AbstractProcessorLight.process(AbstractProcessorLight.java:63)
	at org.apache.coyote.AbstractProtocol$ConnectionHandler.process(AbstractProtocol.java:904)
	at org.apache.tomcat.util.net.NioEndpoint$SocketProcessor.doRun(NioEndpoint.java:1741)
	at org.apache.tomcat.util.net.SocketProcessorBase.run(SocketProcessorBase.java:52)
	at org.apache.tomcat.util.threads.ThreadPoolExecutor.runWorker(ThreadPoolExecutor.java:1190)
	at org.apache.tomcat.util.threads.ThreadPoolExecutor$Worker.run(ThreadPoolExecutor.java:659)
	at org.apache.tomcat.util.threads.TaskThread$WrappingRunnable.run(TaskThread.java:63)
	at java.base/java.lang.Thread.run(Thread.java:842)
2025-04-25 10:01:04.449 [http-nio-8888-exec-4] ERROR o.f.till.base.GlobalExceptionHandler line:17  - 全局异常>>
org.flash.till.base.FTException: null
	at org.flash.till.base.FTException.exception(FTException.java:13)
	at org.flash.till.base.FTAssert.notBlank(FTAssert.java:36)
	at org.flash.till.back.dish.controller.DishController.add(DishController.java:15)
	at java.base/jdk.internal.reflect.NativeMethodAccessorImpl.invoke0(Native Method)
	at java.base/jdk.internal.reflect.NativeMethodAccessorImpl.invoke(NativeMethodAccessorImpl.java:77)
	at java.base/jdk.internal.reflect.DelegatingMethodAccessorImpl.invoke(DelegatingMethodAccessorImpl.java:43)
	at java.base/java.lang.reflect.Method.invoke(Method.java:568)
	at org.springframework.web.method.support.InvocableHandlerMethod.doInvoke(InvocableHandlerMethod.java:255)
	at org.springframework.web.method.support.InvocableHandlerMethod.invokeForRequest(InvocableHandlerMethod.java:188)
	at org.springframework.web.servlet.mvc.method.annotation.ServletInvocableHandlerMethod.invokeAndHandle(ServletInvocableHandlerMethod.java:118)
	at org.springframework.web.servlet.mvc.method.annotation.RequestMappingHandlerAdapter.invokeHandlerMethod(RequestMappingHandlerAdapter.java:926)
	at org.springframework.web.servlet.mvc.method.annotation.RequestMappingHandlerAdapter.handleInternal(RequestMappingHandlerAdapter.java:831)
	at org.springframework.web.servlet.mvc.method.AbstractHandlerMethodAdapter.handle(AbstractHandlerMethodAdapter.java:87)
	at org.springframework.web.servlet.DispatcherServlet.doDispatch(DispatcherServlet.java:1089)
	at org.springframework.web.servlet.DispatcherServlet.doService(DispatcherServlet.java:979)
	at org.springframework.web.servlet.FrameworkServlet.processRequest(FrameworkServlet.java:1014)
	at org.springframework.web.servlet.FrameworkServlet.doPost(FrameworkServlet.java:914)
	at jakarta.servlet.http.HttpServlet.service(HttpServlet.java:590)
	at org.springframework.web.servlet.FrameworkServlet.service(FrameworkServlet.java:885)
	at jakarta.servlet.http.HttpServlet.service(HttpServlet.java:658)
	at org.apache.catalina.core.ApplicationFilterChain.internalDoFilter(ApplicationFilterChain.java:195)
	at org.apache.catalina.core.ApplicationFilterChain.doFilter(ApplicationFilterChain.java:140)
	at org.apache.tomcat.websocket.server.WsFilter.doFilter(WsFilter.java:51)
	at org.apache.catalina.core.ApplicationFilterChain.internalDoFilter(ApplicationFilterChain.java:164)
	at org.apache.catalina.core.ApplicationFilterChain.doFilter(ApplicationFilterChain.java:140)
	at org.springframework.web.filter.RequestContextFilter.doFilterInternal(RequestContextFilter.java:100)
	at org.springframework.web.filter.OncePerRequestFilter.doFilter(OncePerRequestFilter.java:116)
	at org.apache.catalina.core.ApplicationFilterChain.internalDoFilter(ApplicationFilterChain.java:164)
	at org.apache.catalina.core.ApplicationFilterChain.doFilter(ApplicationFilterChain.java:140)
	at org.springframework.web.filter.FormContentFilter.doFilterInternal(FormContentFilter.java:93)
	at org.springframework.web.filter.OncePerRequestFilter.doFilter(OncePerRequestFilter.java:116)
	at org.apache.catalina.core.ApplicationFilterChain.internalDoFilter(ApplicationFilterChain.java:164)
	at org.apache.catalina.core.ApplicationFilterChain.doFilter(ApplicationFilterChain.java:140)
	at org.springframework.web.filter.CharacterEncodingFilter.doFilterInternal(CharacterEncodingFilter.java:201)
	at org.springframework.web.filter.OncePerRequestFilter.doFilter(OncePerRequestFilter.java:116)
	at org.apache.catalina.core.ApplicationFilterChain.internalDoFilter(ApplicationFilterChain.java:164)
	at org.apache.catalina.core.ApplicationFilterChain.doFilter(ApplicationFilterChain.java:140)
	at org.apache.catalina.core.StandardWrapperValve.invoke(StandardWrapperValve.java:167)
	at org.apache.catalina.core.StandardContextValve.invoke(StandardContextValve.java:90)
	at org.apache.catalina.authenticator.AuthenticatorBase.invoke(AuthenticatorBase.java:483)
	at org.apache.catalina.core.StandardHostValve.invoke(StandardHostValve.java:115)
	at org.apache.catalina.valves.ErrorReportValve.invoke(ErrorReportValve.java:93)
	at org.apache.catalina.core.StandardEngineValve.invoke(StandardEngineValve.java:74)
	at org.apache.catalina.connector.CoyoteAdapter.service(CoyoteAdapter.java:344)
	at org.apache.coyote.http11.Http11Processor.service(Http11Processor.java:384)
	at org.apache.coyote.AbstractProcessorLight.process(AbstractProcessorLight.java:63)
	at org.apache.coyote.AbstractProtocol$ConnectionHandler.process(AbstractProtocol.java:904)
	at org.apache.tomcat.util.net.NioEndpoint$SocketProcessor.doRun(NioEndpoint.java:1741)
	at org.apache.tomcat.util.net.SocketProcessorBase.run(SocketProcessorBase.java:52)
	at org.apache.tomcat.util.threads.ThreadPoolExecutor.runWorker(ThreadPoolExecutor.java:1190)
	at org.apache.tomcat.util.threads.ThreadPoolExecutor$Worker.run(ThreadPoolExecutor.java:659)
	at org.apache.tomcat.util.threads.TaskThread$WrappingRunnable.run(TaskThread.java:63)
	at java.base/java.lang.Thread.run(Thread.java:842)
2025-04-25 10:02:22.635 [http-nio-8888-exec-2] ERROR o.f.till.base.GlobalExceptionHandler line:17  - 全局异常>>
org.flash.till.base.FTException: null
	at org.flash.till.base.FTException.exception(FTException.java:13)
	at org.flash.till.base.FTAssert.notBlank(FTAssert.java:36)
	at org.flash.till.back.dish.controller.DishController.add(DishController.java:15)
	at java.base/jdk.internal.reflect.NativeMethodAccessorImpl.invoke0(Native Method)
	at java.base/jdk.internal.reflect.NativeMethodAccessorImpl.invoke(NativeMethodAccessorImpl.java:77)
	at java.base/jdk.internal.reflect.DelegatingMethodAccessorImpl.invoke(DelegatingMethodAccessorImpl.java:43)
	at java.base/java.lang.reflect.Method.invoke(Method.java:568)
	at org.springframework.web.method.support.InvocableHandlerMethod.doInvoke(InvocableHandlerMethod.java:255)
	at org.springframework.web.method.support.InvocableHandlerMethod.invokeForRequest(InvocableHandlerMethod.java:188)
	at org.springframework.web.servlet.mvc.method.annotation.ServletInvocableHandlerMethod.invokeAndHandle(ServletInvocableHandlerMethod.java:118)
	at org.springframework.web.servlet.mvc.method.annotation.RequestMappingHandlerAdapter.invokeHandlerMethod(RequestMappingHandlerAdapter.java:926)
	at org.springframework.web.servlet.mvc.method.annotation.RequestMappingHandlerAdapter.handleInternal(RequestMappingHandlerAdapter.java:831)
	at org.springframework.web.servlet.mvc.method.AbstractHandlerMethodAdapter.handle(AbstractHandlerMethodAdapter.java:87)
	at org.springframework.web.servlet.DispatcherServlet.doDispatch(DispatcherServlet.java:1089)
	at org.springframework.web.servlet.DispatcherServlet.doService(DispatcherServlet.java:979)
	at org.springframework.web.servlet.FrameworkServlet.processRequest(FrameworkServlet.java:1014)
	at org.springframework.web.servlet.FrameworkServlet.doPost(FrameworkServlet.java:914)
	at jakarta.servlet.http.HttpServlet.service(HttpServlet.java:590)
	at org.springframework.web.servlet.FrameworkServlet.service(FrameworkServlet.java:885)
	at jakarta.servlet.http.HttpServlet.service(HttpServlet.java:658)
	at org.apache.catalina.core.ApplicationFilterChain.internalDoFilter(ApplicationFilterChain.java:195)
	at org.apache.catalina.core.ApplicationFilterChain.doFilter(ApplicationFilterChain.java:140)
	at org.apache.tomcat.websocket.server.WsFilter.doFilter(WsFilter.java:51)
	at org.apache.catalina.core.ApplicationFilterChain.internalDoFilter(ApplicationFilterChain.java:164)
	at org.apache.catalina.core.ApplicationFilterChain.doFilter(ApplicationFilterChain.java:140)
	at org.springframework.web.filter.RequestContextFilter.doFilterInternal(RequestContextFilter.java:100)
	at org.springframework.web.filter.OncePerRequestFilter.doFilter(OncePerRequestFilter.java:116)
	at org.apache.catalina.core.ApplicationFilterChain.internalDoFilter(ApplicationFilterChain.java:164)
	at org.apache.catalina.core.ApplicationFilterChain.doFilter(ApplicationFilterChain.java:140)
	at org.springframework.web.filter.FormContentFilter.doFilterInternal(FormContentFilter.java:93)
	at org.springframework.web.filter.OncePerRequestFilter.doFilter(OncePerRequestFilter.java:116)
	at org.apache.catalina.core.ApplicationFilterChain.internalDoFilter(ApplicationFilterChain.java:164)
	at org.apache.catalina.core.ApplicationFilterChain.doFilter(ApplicationFilterChain.java:140)
	at org.springframework.web.filter.CharacterEncodingFilter.doFilterInternal(CharacterEncodingFilter.java:201)
	at org.springframework.web.filter.OncePerRequestFilter.doFilter(OncePerRequestFilter.java:116)
	at org.apache.catalina.core.ApplicationFilterChain.internalDoFilter(ApplicationFilterChain.java:164)
	at org.apache.catalina.core.ApplicationFilterChain.doFilter(ApplicationFilterChain.java:140)
	at org.apache.catalina.core.StandardWrapperValve.invoke(StandardWrapperValve.java:167)
	at org.apache.catalina.core.StandardContextValve.invoke(StandardContextValve.java:90)
	at org.apache.catalina.authenticator.AuthenticatorBase.invoke(AuthenticatorBase.java:483)
	at org.apache.catalina.core.StandardHostValve.invoke(StandardHostValve.java:115)
	at org.apache.catalina.valves.ErrorReportValve.invoke(ErrorReportValve.java:93)
	at org.apache.catalina.core.StandardEngineValve.invoke(StandardEngineValve.java:74)
	at org.apache.catalina.connector.CoyoteAdapter.service(CoyoteAdapter.java:344)
	at org.apache.coyote.http11.Http11Processor.service(Http11Processor.java:384)
	at org.apache.coyote.AbstractProcessorLight.process(AbstractProcessorLight.java:63)
	at org.apache.coyote.AbstractProtocol$ConnectionHandler.process(AbstractProtocol.java:904)
	at org.apache.tomcat.util.net.NioEndpoint$SocketProcessor.doRun(NioEndpoint.java:1741)
	at org.apache.tomcat.util.net.SocketProcessorBase.run(SocketProcessorBase.java:52)
	at org.apache.tomcat.util.threads.ThreadPoolExecutor.runWorker(ThreadPoolExecutor.java:1190)
	at org.apache.tomcat.util.threads.ThreadPoolExecutor$Worker.run(ThreadPoolExecutor.java:659)
	at org.apache.tomcat.util.threads.TaskThread$WrappingRunnable.run(TaskThread.java:63)
	at java.base/java.lang.Thread.run(Thread.java:842)
2025-04-25 10:02:23.676 [http-nio-8888-exec-3] ERROR o.f.till.base.GlobalExceptionHandler line:17  - 全局异常>>
org.flash.till.base.FTException: null
	at org.flash.till.base.FTException.exception(FTException.java:13)
	at org.flash.till.base.FTAssert.notBlank(FTAssert.java:36)
	at org.flash.till.back.dish.controller.DishController.add(DishController.java:15)
	at java.base/jdk.internal.reflect.NativeMethodAccessorImpl.invoke0(Native Method)
	at java.base/jdk.internal.reflect.NativeMethodAccessorImpl.invoke(NativeMethodAccessorImpl.java:77)
	at java.base/jdk.internal.reflect.DelegatingMethodAccessorImpl.invoke(DelegatingMethodAccessorImpl.java:43)
	at java.base/java.lang.reflect.Method.invoke(Method.java:568)
	at org.springframework.web.method.support.InvocableHandlerMethod.doInvoke(InvocableHandlerMethod.java:255)
	at org.springframework.web.method.support.InvocableHandlerMethod.invokeForRequest(InvocableHandlerMethod.java:188)
	at org.springframework.web.servlet.mvc.method.annotation.ServletInvocableHandlerMethod.invokeAndHandle(ServletInvocableHandlerMethod.java:118)
	at org.springframework.web.servlet.mvc.method.annotation.RequestMappingHandlerAdapter.invokeHandlerMethod(RequestMappingHandlerAdapter.java:926)
	at org.springframework.web.servlet.mvc.method.annotation.RequestMappingHandlerAdapter.handleInternal(RequestMappingHandlerAdapter.java:831)
	at org.springframework.web.servlet.mvc.method.AbstractHandlerMethodAdapter.handle(AbstractHandlerMethodAdapter.java:87)
	at org.springframework.web.servlet.DispatcherServlet.doDispatch(DispatcherServlet.java:1089)
	at org.springframework.web.servlet.DispatcherServlet.doService(DispatcherServlet.java:979)
	at org.springframework.web.servlet.FrameworkServlet.processRequest(FrameworkServlet.java:1014)
	at org.springframework.web.servlet.FrameworkServlet.doPost(FrameworkServlet.java:914)
	at jakarta.servlet.http.HttpServlet.service(HttpServlet.java:590)
	at org.springframework.web.servlet.FrameworkServlet.service(FrameworkServlet.java:885)
	at jakarta.servlet.http.HttpServlet.service(HttpServlet.java:658)
	at org.apache.catalina.core.ApplicationFilterChain.internalDoFilter(ApplicationFilterChain.java:195)
	at org.apache.catalina.core.ApplicationFilterChain.doFilter(ApplicationFilterChain.java:140)
	at org.apache.tomcat.websocket.server.WsFilter.doFilter(WsFilter.java:51)
	at org.apache.catalina.core.ApplicationFilterChain.internalDoFilter(ApplicationFilterChain.java:164)
	at org.apache.catalina.core.ApplicationFilterChain.doFilter(ApplicationFilterChain.java:140)
	at org.springframework.web.filter.RequestContextFilter.doFilterInternal(RequestContextFilter.java:100)
	at org.springframework.web.filter.OncePerRequestFilter.doFilter(OncePerRequestFilter.java:116)
	at org.apache.catalina.core.ApplicationFilterChain.internalDoFilter(ApplicationFilterChain.java:164)
	at org.apache.catalina.core.ApplicationFilterChain.doFilter(ApplicationFilterChain.java:140)
	at org.springframework.web.filter.FormContentFilter.doFilterInternal(FormContentFilter.java:93)
	at org.springframework.web.filter.OncePerRequestFilter.doFilter(OncePerRequestFilter.java:116)
	at org.apache.catalina.core.ApplicationFilterChain.internalDoFilter(ApplicationFilterChain.java:164)
	at org.apache.catalina.core.ApplicationFilterChain.doFilter(ApplicationFilterChain.java:140)
	at org.springframework.web.filter.CharacterEncodingFilter.doFilterInternal(CharacterEncodingFilter.java:201)
	at org.springframework.web.filter.OncePerRequestFilter.doFilter(OncePerRequestFilter.java:116)
	at org.apache.catalina.core.ApplicationFilterChain.internalDoFilter(ApplicationFilterChain.java:164)
	at org.apache.catalina.core.ApplicationFilterChain.doFilter(ApplicationFilterChain.java:140)
	at org.apache.catalina.core.StandardWrapperValve.invoke(StandardWrapperValve.java:167)
	at org.apache.catalina.core.StandardContextValve.invoke(StandardContextValve.java:90)
	at org.apache.catalina.authenticator.AuthenticatorBase.invoke(AuthenticatorBase.java:483)
	at org.apache.catalina.core.StandardHostValve.invoke(StandardHostValve.java:115)
	at org.apache.catalina.valves.ErrorReportValve.invoke(ErrorReportValve.java:93)
	at org.apache.catalina.core.StandardEngineValve.invoke(StandardEngineValve.java:74)
	at org.apache.catalina.connector.CoyoteAdapter.service(CoyoteAdapter.java:344)
	at org.apache.coyote.http11.Http11Processor.service(Http11Processor.java:384)
	at org.apache.coyote.AbstractProcessorLight.process(AbstractProcessorLight.java:63)
	at org.apache.coyote.AbstractProtocol$ConnectionHandler.process(AbstractProtocol.java:904)
	at org.apache.tomcat.util.net.NioEndpoint$SocketProcessor.doRun(NioEndpoint.java:1741)
	at org.apache.tomcat.util.net.SocketProcessorBase.run(SocketProcessorBase.java:52)
	at org.apache.tomcat.util.threads.ThreadPoolExecutor.runWorker(ThreadPoolExecutor.java:1190)
	at org.apache.tomcat.util.threads.ThreadPoolExecutor$Worker.run(ThreadPoolExecutor.java:659)
	at org.apache.tomcat.util.threads.TaskThread$WrappingRunnable.run(TaskThread.java:63)
	at java.base/java.lang.Thread.run(Thread.java:842)
2025-04-25 10:02:24.273 [http-nio-8888-exec-6] ERROR o.f.till.base.GlobalExceptionHandler line:17  - 全局异常>>
org.flash.till.base.FTException: null
	at org.flash.till.base.FTException.exception(FTException.java:13)
	at org.flash.till.base.FTAssert.notBlank(FTAssert.java:36)
	at org.flash.till.back.dish.controller.DishController.add(DishController.java:15)
	at java.base/jdk.internal.reflect.NativeMethodAccessorImpl.invoke0(Native Method)
	at java.base/jdk.internal.reflect.NativeMethodAccessorImpl.invoke(NativeMethodAccessorImpl.java:77)
	at java.base/jdk.internal.reflect.DelegatingMethodAccessorImpl.invoke(DelegatingMethodAccessorImpl.java:43)
	at java.base/java.lang.reflect.Method.invoke(Method.java:568)
	at org.springframework.web.method.support.InvocableHandlerMethod.doInvoke(InvocableHandlerMethod.java:255)
	at org.springframework.web.method.support.InvocableHandlerMethod.invokeForRequest(InvocableHandlerMethod.java:188)
	at org.springframework.web.servlet.mvc.method.annotation.ServletInvocableHandlerMethod.invokeAndHandle(ServletInvocableHandlerMethod.java:118)
	at org.springframework.web.servlet.mvc.method.annotation.RequestMappingHandlerAdapter.invokeHandlerMethod(RequestMappingHandlerAdapter.java:926)
	at org.springframework.web.servlet.mvc.method.annotation.RequestMappingHandlerAdapter.handleInternal(RequestMappingHandlerAdapter.java:831)
	at org.springframework.web.servlet.mvc.method.AbstractHandlerMethodAdapter.handle(AbstractHandlerMethodAdapter.java:87)
	at org.springframework.web.servlet.DispatcherServlet.doDispatch(DispatcherServlet.java:1089)
	at org.springframework.web.servlet.DispatcherServlet.doService(DispatcherServlet.java:979)
	at org.springframework.web.servlet.FrameworkServlet.processRequest(FrameworkServlet.java:1014)
	at org.springframework.web.servlet.FrameworkServlet.doPost(FrameworkServlet.java:914)
	at jakarta.servlet.http.HttpServlet.service(HttpServlet.java:590)
	at org.springframework.web.servlet.FrameworkServlet.service(FrameworkServlet.java:885)
	at jakarta.servlet.http.HttpServlet.service(HttpServlet.java:658)
	at org.apache.catalina.core.ApplicationFilterChain.internalDoFilter(ApplicationFilterChain.java:195)
	at org.apache.catalina.core.ApplicationFilterChain.doFilter(ApplicationFilterChain.java:140)
	at org.apache.tomcat.websocket.server.WsFilter.doFilter(WsFilter.java:51)
	at org.apache.catalina.core.ApplicationFilterChain.internalDoFilter(ApplicationFilterChain.java:164)
	at org.apache.catalina.core.ApplicationFilterChain.doFilter(ApplicationFilterChain.java:140)
	at org.springframework.web.filter.RequestContextFilter.doFilterInternal(RequestContextFilter.java:100)
	at org.springframework.web.filter.OncePerRequestFilter.doFilter(OncePerRequestFilter.java:116)
	at org.apache.catalina.core.ApplicationFilterChain.internalDoFilter(ApplicationFilterChain.java:164)
	at org.apache.catalina.core.ApplicationFilterChain.doFilter(ApplicationFilterChain.java:140)
	at org.springframework.web.filter.FormContentFilter.doFilterInternal(FormContentFilter.java:93)
	at org.springframework.web.filter.OncePerRequestFilter.doFilter(OncePerRequestFilter.java:116)
	at org.apache.catalina.core.ApplicationFilterChain.internalDoFilter(ApplicationFilterChain.java:164)
	at org.apache.catalina.core.ApplicationFilterChain.doFilter(ApplicationFilterChain.java:140)
	at org.springframework.web.filter.CharacterEncodingFilter.doFilterInternal(CharacterEncodingFilter.java:201)
	at org.springframework.web.filter.OncePerRequestFilter.doFilter(OncePerRequestFilter.java:116)
	at org.apache.catalina.core.ApplicationFilterChain.internalDoFilter(ApplicationFilterChain.java:164)
	at org.apache.catalina.core.ApplicationFilterChain.doFilter(ApplicationFilterChain.java:140)
	at org.apache.catalina.core.StandardWrapperValve.invoke(StandardWrapperValve.java:167)
	at org.apache.catalina.core.StandardContextValve.invoke(StandardContextValve.java:90)
	at org.apache.catalina.authenticator.AuthenticatorBase.invoke(AuthenticatorBase.java:483)
	at org.apache.catalina.core.StandardHostValve.invoke(StandardHostValve.java:115)
	at org.apache.catalina.valves.ErrorReportValve.invoke(ErrorReportValve.java:93)
	at org.apache.catalina.core.StandardEngineValve.invoke(StandardEngineValve.java:74)
	at org.apache.catalina.connector.CoyoteAdapter.service(CoyoteAdapter.java:344)
	at org.apache.coyote.http11.Http11Processor.service(Http11Processor.java:384)
	at org.apache.coyote.AbstractProcessorLight.process(AbstractProcessorLight.java:63)
	at org.apache.coyote.AbstractProtocol$ConnectionHandler.process(AbstractProtocol.java:904)
	at org.apache.tomcat.util.net.NioEndpoint$SocketProcessor.doRun(NioEndpoint.java:1741)
	at org.apache.tomcat.util.net.SocketProcessorBase.run(SocketProcessorBase.java:52)
	at org.apache.tomcat.util.threads.ThreadPoolExecutor.runWorker(ThreadPoolExecutor.java:1190)
	at org.apache.tomcat.util.threads.ThreadPoolExecutor$Worker.run(ThreadPoolExecutor.java:659)
	at org.apache.tomcat.util.threads.TaskThread$WrappingRunnable.run(TaskThread.java:63)
	at java.base/java.lang.Thread.run(Thread.java:842)
2025-04-25 10:02:33.382 [http-nio-8888-exec-7] ERROR o.f.till.base.GlobalExceptionHandler line:17  - 全局异常>>
org.flash.till.base.FTException: null
	at org.flash.till.base.FTException.exception(FTException.java:13)
	at org.flash.till.base.FTAssert.notBlank(FTAssert.java:36)
	at org.flash.till.back.dish.controller.DishController.add(DishController.java:15)
	at java.base/jdk.internal.reflect.NativeMethodAccessorImpl.invoke0(Native Method)
	at java.base/jdk.internal.reflect.NativeMethodAccessorImpl.invoke(NativeMethodAccessorImpl.java:77)
	at java.base/jdk.internal.reflect.DelegatingMethodAccessorImpl.invoke(DelegatingMethodAccessorImpl.java:43)
	at java.base/java.lang.reflect.Method.invoke(Method.java:568)
	at org.springframework.web.method.support.InvocableHandlerMethod.doInvoke(InvocableHandlerMethod.java:255)
	at org.springframework.web.method.support.InvocableHandlerMethod.invokeForRequest(InvocableHandlerMethod.java:188)
	at org.springframework.web.servlet.mvc.method.annotation.ServletInvocableHandlerMethod.invokeAndHandle(ServletInvocableHandlerMethod.java:118)
	at org.springframework.web.servlet.mvc.method.annotation.RequestMappingHandlerAdapter.invokeHandlerMethod(RequestMappingHandlerAdapter.java:926)
	at org.springframework.web.servlet.mvc.method.annotation.RequestMappingHandlerAdapter.handleInternal(RequestMappingHandlerAdapter.java:831)
	at org.springframework.web.servlet.mvc.method.AbstractHandlerMethodAdapter.handle(AbstractHandlerMethodAdapter.java:87)
	at org.springframework.web.servlet.DispatcherServlet.doDispatch(DispatcherServlet.java:1089)
	at org.springframework.web.servlet.DispatcherServlet.doService(DispatcherServlet.java:979)
	at org.springframework.web.servlet.FrameworkServlet.processRequest(FrameworkServlet.java:1014)
	at org.springframework.web.servlet.FrameworkServlet.doPost(FrameworkServlet.java:914)
	at jakarta.servlet.http.HttpServlet.service(HttpServlet.java:590)
	at org.springframework.web.servlet.FrameworkServlet.service(FrameworkServlet.java:885)
	at jakarta.servlet.http.HttpServlet.service(HttpServlet.java:658)
	at org.apache.catalina.core.ApplicationFilterChain.internalDoFilter(ApplicationFilterChain.java:195)
	at org.apache.catalina.core.ApplicationFilterChain.doFilter(ApplicationFilterChain.java:140)
	at org.apache.tomcat.websocket.server.WsFilter.doFilter(WsFilter.java:51)
	at org.apache.catalina.core.ApplicationFilterChain.internalDoFilter(ApplicationFilterChain.java:164)
	at org.apache.catalina.core.ApplicationFilterChain.doFilter(ApplicationFilterChain.java:140)
	at org.springframework.web.filter.RequestContextFilter.doFilterInternal(RequestContextFilter.java:100)
	at org.springframework.web.filter.OncePerRequestFilter.doFilter(OncePerRequestFilter.java:116)
	at org.apache.catalina.core.ApplicationFilterChain.internalDoFilter(ApplicationFilterChain.java:164)
	at org.apache.catalina.core.ApplicationFilterChain.doFilter(ApplicationFilterChain.java:140)
	at org.springframework.web.filter.FormContentFilter.doFilterInternal(FormContentFilter.java:93)
	at org.springframework.web.filter.OncePerRequestFilter.doFilter(OncePerRequestFilter.java:116)
	at org.apache.catalina.core.ApplicationFilterChain.internalDoFilter(ApplicationFilterChain.java:164)
	at org.apache.catalina.core.ApplicationFilterChain.doFilter(ApplicationFilterChain.java:140)
	at org.springframework.web.filter.CharacterEncodingFilter.doFilterInternal(CharacterEncodingFilter.java:201)
	at org.springframework.web.filter.OncePerRequestFilter.doFilter(OncePerRequestFilter.java:116)
	at org.apache.catalina.core.ApplicationFilterChain.internalDoFilter(ApplicationFilterChain.java:164)
	at org.apache.catalina.core.ApplicationFilterChain.doFilter(ApplicationFilterChain.java:140)
	at org.apache.catalina.core.StandardWrapperValve.invoke(StandardWrapperValve.java:167)
	at org.apache.catalina.core.StandardContextValve.invoke(StandardContextValve.java:90)
	at org.apache.catalina.authenticator.AuthenticatorBase.invoke(AuthenticatorBase.java:483)
	at org.apache.catalina.core.StandardHostValve.invoke(StandardHostValve.java:115)
	at org.apache.catalina.valves.ErrorReportValve.invoke(ErrorReportValve.java:93)
	at org.apache.catalina.core.StandardEngineValve.invoke(StandardEngineValve.java:74)
	at org.apache.catalina.connector.CoyoteAdapter.service(CoyoteAdapter.java:344)
	at org.apache.coyote.http11.Http11Processor.service(Http11Processor.java:384)
	at org.apache.coyote.AbstractProcessorLight.process(AbstractProcessorLight.java:63)
	at org.apache.coyote.AbstractProtocol$ConnectionHandler.process(AbstractProtocol.java:904)
	at org.apache.tomcat.util.net.NioEndpoint$SocketProcessor.doRun(NioEndpoint.java:1741)
	at org.apache.tomcat.util.net.SocketProcessorBase.run(SocketProcessorBase.java:52)
	at org.apache.tomcat.util.threads.ThreadPoolExecutor.runWorker(ThreadPoolExecutor.java:1190)
	at org.apache.tomcat.util.threads.ThreadPoolExecutor$Worker.run(ThreadPoolExecutor.java:659)
	at org.apache.tomcat.util.threads.TaskThread$WrappingRunnable.run(TaskThread.java:63)
	at java.base/java.lang.Thread.run(Thread.java:842)
2025-04-25 10:02:34.113 [http-nio-8888-exec-10] ERROR o.f.till.base.GlobalExceptionHandler line:17  - 全局异常>>
org.flash.till.base.FTException: null
	at org.flash.till.base.FTException.exception(FTException.java:13)
	at org.flash.till.base.FTAssert.notBlank(FTAssert.java:36)
	at org.flash.till.back.dish.controller.DishController.add(DishController.java:15)
	at java.base/jdk.internal.reflect.NativeMethodAccessorImpl.invoke0(Native Method)
	at java.base/jdk.internal.reflect.NativeMethodAccessorImpl.invoke(NativeMethodAccessorImpl.java:77)
	at java.base/jdk.internal.reflect.DelegatingMethodAccessorImpl.invoke(DelegatingMethodAccessorImpl.java:43)
	at java.base/java.lang.reflect.Method.invoke(Method.java:568)
	at org.springframework.web.method.support.InvocableHandlerMethod.doInvoke(InvocableHandlerMethod.java:255)
	at org.springframework.web.method.support.InvocableHandlerMethod.invokeForRequest(InvocableHandlerMethod.java:188)
	at org.springframework.web.servlet.mvc.method.annotation.ServletInvocableHandlerMethod.invokeAndHandle(ServletInvocableHandlerMethod.java:118)
	at org.springframework.web.servlet.mvc.method.annotation.RequestMappingHandlerAdapter.invokeHandlerMethod(RequestMappingHandlerAdapter.java:926)
	at org.springframework.web.servlet.mvc.method.annotation.RequestMappingHandlerAdapter.handleInternal(RequestMappingHandlerAdapter.java:831)
	at org.springframework.web.servlet.mvc.method.AbstractHandlerMethodAdapter.handle(AbstractHandlerMethodAdapter.java:87)
	at org.springframework.web.servlet.DispatcherServlet.doDispatch(DispatcherServlet.java:1089)
	at org.springframework.web.servlet.DispatcherServlet.doService(DispatcherServlet.java:979)
	at org.springframework.web.servlet.FrameworkServlet.processRequest(FrameworkServlet.java:1014)
	at org.springframework.web.servlet.FrameworkServlet.doPost(FrameworkServlet.java:914)
	at jakarta.servlet.http.HttpServlet.service(HttpServlet.java:590)
	at org.springframework.web.servlet.FrameworkServlet.service(FrameworkServlet.java:885)
	at jakarta.servlet.http.HttpServlet.service(HttpServlet.java:658)
	at org.apache.catalina.core.ApplicationFilterChain.internalDoFilter(ApplicationFilterChain.java:195)
	at org.apache.catalina.core.ApplicationFilterChain.doFilter(ApplicationFilterChain.java:140)
	at org.apache.tomcat.websocket.server.WsFilter.doFilter(WsFilter.java:51)
	at org.apache.catalina.core.ApplicationFilterChain.internalDoFilter(ApplicationFilterChain.java:164)
	at org.apache.catalina.core.ApplicationFilterChain.doFilter(ApplicationFilterChain.java:140)
	at org.springframework.web.filter.RequestContextFilter.doFilterInternal(RequestContextFilter.java:100)
	at org.springframework.web.filter.OncePerRequestFilter.doFilter(OncePerRequestFilter.java:116)
	at org.apache.catalina.core.ApplicationFilterChain.internalDoFilter(ApplicationFilterChain.java:164)
	at org.apache.catalina.core.ApplicationFilterChain.doFilter(ApplicationFilterChain.java:140)
	at org.springframework.web.filter.FormContentFilter.doFilterInternal(FormContentFilter.java:93)
	at org.springframework.web.filter.OncePerRequestFilter.doFilter(OncePerRequestFilter.java:116)
	at org.apache.catalina.core.ApplicationFilterChain.internalDoFilter(ApplicationFilterChain.java:164)
	at org.apache.catalina.core.ApplicationFilterChain.doFilter(ApplicationFilterChain.java:140)
	at org.springframework.web.filter.CharacterEncodingFilter.doFilterInternal(CharacterEncodingFilter.java:201)
	at org.springframework.web.filter.OncePerRequestFilter.doFilter(OncePerRequestFilter.java:116)
	at org.apache.catalina.core.ApplicationFilterChain.internalDoFilter(ApplicationFilterChain.java:164)
	at org.apache.catalina.core.ApplicationFilterChain.doFilter(ApplicationFilterChain.java:140)
	at org.apache.catalina.core.StandardWrapperValve.invoke(StandardWrapperValve.java:167)
	at org.apache.catalina.core.StandardContextValve.invoke(StandardContextValve.java:90)
	at org.apache.catalina.authenticator.AuthenticatorBase.invoke(AuthenticatorBase.java:483)
	at org.apache.catalina.core.StandardHostValve.invoke(StandardHostValve.java:115)
	at org.apache.catalina.valves.ErrorReportValve.invoke(ErrorReportValve.java:93)
	at org.apache.catalina.core.StandardEngineValve.invoke(StandardEngineValve.java:74)
	at org.apache.catalina.connector.CoyoteAdapter.service(CoyoteAdapter.java:344)
	at org.apache.coyote.http11.Http11Processor.service(Http11Processor.java:384)
	at org.apache.coyote.AbstractProcessorLight.process(AbstractProcessorLight.java:63)
	at org.apache.coyote.AbstractProtocol$ConnectionHandler.process(AbstractProtocol.java:904)
	at org.apache.tomcat.util.net.NioEndpoint$SocketProcessor.doRun(NioEndpoint.java:1741)
	at org.apache.tomcat.util.net.SocketProcessorBase.run(SocketProcessorBase.java:52)
	at org.apache.tomcat.util.threads.ThreadPoolExecutor.runWorker(ThreadPoolExecutor.java:1190)
	at org.apache.tomcat.util.threads.ThreadPoolExecutor$Worker.run(ThreadPoolExecutor.java:659)
	at org.apache.tomcat.util.threads.TaskThread$WrappingRunnable.run(TaskThread.java:63)
	at java.base/java.lang.Thread.run(Thread.java:842)
2025-04-25 10:02:34.608 [http-nio-8888-exec-8] ERROR o.f.till.base.GlobalExceptionHandler line:17  - 全局异常>>
org.flash.till.base.FTException: null
	at org.flash.till.base.FTException.exception(FTException.java:13)
	at org.flash.till.base.FTAssert.notBlank(FTAssert.java:36)
	at org.flash.till.back.dish.controller.DishController.add(DishController.java:15)
	at java.base/jdk.internal.reflect.NativeMethodAccessorImpl.invoke0(Native Method)
	at java.base/jdk.internal.reflect.NativeMethodAccessorImpl.invoke(NativeMethodAccessorImpl.java:77)
	at java.base/jdk.internal.reflect.DelegatingMethodAccessorImpl.invoke(DelegatingMethodAccessorImpl.java:43)
	at java.base/java.lang.reflect.Method.invoke(Method.java:568)
	at org.springframework.web.method.support.InvocableHandlerMethod.doInvoke(InvocableHandlerMethod.java:255)
	at org.springframework.web.method.support.InvocableHandlerMethod.invokeForRequest(InvocableHandlerMethod.java:188)
	at org.springframework.web.servlet.mvc.method.annotation.ServletInvocableHandlerMethod.invokeAndHandle(ServletInvocableHandlerMethod.java:118)
	at org.springframework.web.servlet.mvc.method.annotation.RequestMappingHandlerAdapter.invokeHandlerMethod(RequestMappingHandlerAdapter.java:926)
	at org.springframework.web.servlet.mvc.method.annotation.RequestMappingHandlerAdapter.handleInternal(RequestMappingHandlerAdapter.java:831)
	at org.springframework.web.servlet.mvc.method.AbstractHandlerMethodAdapter.handle(AbstractHandlerMethodAdapter.java:87)
	at org.springframework.web.servlet.DispatcherServlet.doDispatch(DispatcherServlet.java:1089)
	at org.springframework.web.servlet.DispatcherServlet.doService(DispatcherServlet.java:979)
	at org.springframework.web.servlet.FrameworkServlet.processRequest(FrameworkServlet.java:1014)
	at org.springframework.web.servlet.FrameworkServlet.doPost(FrameworkServlet.java:914)
	at jakarta.servlet.http.HttpServlet.service(HttpServlet.java:590)
	at org.springframework.web.servlet.FrameworkServlet.service(FrameworkServlet.java:885)
	at jakarta.servlet.http.HttpServlet.service(HttpServlet.java:658)
	at org.apache.catalina.core.ApplicationFilterChain.internalDoFilter(ApplicationFilterChain.java:195)
	at org.apache.catalina.core.ApplicationFilterChain.doFilter(ApplicationFilterChain.java:140)
	at org.apache.tomcat.websocket.server.WsFilter.doFilter(WsFilter.java:51)
	at org.apache.catalina.core.ApplicationFilterChain.internalDoFilter(ApplicationFilterChain.java:164)
	at org.apache.catalina.core.ApplicationFilterChain.doFilter(ApplicationFilterChain.java:140)
	at org.springframework.web.filter.RequestContextFilter.doFilterInternal(RequestContextFilter.java:100)
	at org.springframework.web.filter.OncePerRequestFilter.doFilter(OncePerRequestFilter.java:116)
	at org.apache.catalina.core.ApplicationFilterChain.internalDoFilter(ApplicationFilterChain.java:164)
	at org.apache.catalina.core.ApplicationFilterChain.doFilter(ApplicationFilterChain.java:140)
	at org.springframework.web.filter.FormContentFilter.doFilterInternal(FormContentFilter.java:93)
	at org.springframework.web.filter.OncePerRequestFilter.doFilter(OncePerRequestFilter.java:116)
	at org.apache.catalina.core.ApplicationFilterChain.internalDoFilter(ApplicationFilterChain.java:164)
	at org.apache.catalina.core.ApplicationFilterChain.doFilter(ApplicationFilterChain.java:140)
	at org.springframework.web.filter.CharacterEncodingFilter.doFilterInternal(CharacterEncodingFilter.java:201)
	at org.springframework.web.filter.OncePerRequestFilter.doFilter(OncePerRequestFilter.java:116)
	at org.apache.catalina.core.ApplicationFilterChain.internalDoFilter(ApplicationFilterChain.java:164)
	at org.apache.catalina.core.ApplicationFilterChain.doFilter(ApplicationFilterChain.java:140)
	at org.apache.catalina.core.StandardWrapperValve.invoke(StandardWrapperValve.java:167)
	at org.apache.catalina.core.StandardContextValve.invoke(StandardContextValve.java:90)
	at org.apache.catalina.authenticator.AuthenticatorBase.invoke(AuthenticatorBase.java:483)
	at org.apache.catalina.core.StandardHostValve.invoke(StandardHostValve.java:115)
	at org.apache.catalina.valves.ErrorReportValve.invoke(ErrorReportValve.java:93)
	at org.apache.catalina.core.StandardEngineValve.invoke(StandardEngineValve.java:74)
	at org.apache.catalina.connector.CoyoteAdapter.service(CoyoteAdapter.java:344)
	at org.apache.coyote.http11.Http11Processor.service(Http11Processor.java:384)
	at org.apache.coyote.AbstractProcessorLight.process(AbstractProcessorLight.java:63)
	at org.apache.coyote.AbstractProtocol$ConnectionHandler.process(AbstractProtocol.java:904)
	at org.apache.tomcat.util.net.NioEndpoint$SocketProcessor.doRun(NioEndpoint.java:1741)
	at org.apache.tomcat.util.net.SocketProcessorBase.run(SocketProcessorBase.java:52)
	at org.apache.tomcat.util.threads.ThreadPoolExecutor.runWorker(ThreadPoolExecutor.java:1190)
	at org.apache.tomcat.util.threads.ThreadPoolExecutor$Worker.run(ThreadPoolExecutor.java:659)
	at org.apache.tomcat.util.threads.TaskThread$WrappingRunnable.run(TaskThread.java:63)
	at java.base/java.lang.Thread.run(Thread.java:842)
2025-04-25 10:05:36.258 [main] INFO  org.flash.till.Application line:50  - Starting Application using Java 17.0.11 with PID 17260 (D:\ideaprojects\FlashTill\build\classes\java\main started by standard in D:\ideaprojects\FlashTill)
2025-04-25 10:05:36.265 [main] INFO  org.flash.till.Application line:660 - The following 1 profile is active: "local"
2025-04-25 10:05:38.075 [main] WARN  o.m.s.mapper.ClassPathMapperScanner line:44  - No MyBatis mapper was found in '[org.flash.till.**.mapper]' package. Please check your configuration.
2025-04-25 10:05:38.948 [main] INFO  o.s.b.w.e.tomcat.TomcatWebServer line:111 - Tomcat initialized with port 8888 (http)
2025-04-25 10:05:38.968 [main] INFO  o.a.coyote.http11.Http11NioProtocol line:173 - Initializing ProtocolHandler ["http-nio-8888"]
2025-04-25 10:05:38.976 [main] INFO  o.a.catalina.core.StandardService line:173 - Starting service [Tomcat]
2025-04-25 10:05:38.978 [main] INFO  o.a.catalina.core.StandardEngine line:173 - Starting Servlet engine: [Apache Tomcat/10.1.28]
2025-04-25 10:05:39.125 [main] INFO  o.a.c.c.C.[Tomcat].[localhost].[/] line:173 - Initializing Spring embedded WebApplicationContext
2025-04-25 10:05:39.126 [main] INFO  o.s.b.w.s.c.ServletWebServerApplicationContext line:296 - Root WebApplicationContext: initialization completed in 2750 ms
2025-04-25 10:05:40.998 [main] INFO  o.a.coyote.http11.Http11NioProtocol line:173 - Starting ProtocolHandler ["http-nio-8888"]
2025-04-25 10:05:41.046 [main] INFO  o.s.b.w.e.tomcat.TomcatWebServer line:243 - Tomcat started on port 8888 (http) with context path '/'
2025-04-25 10:05:41.068 [main] INFO  org.flash.till.Application line:56  - Started Application in 5.959 seconds (process running for 6.706)
2025-04-25 10:05:41.073 [main] INFO  org.flash.till.Application line:15  - ##################################################
2025-04-25 10:05:41.073 [main] INFO  org.flash.till.Application line:16  - #                                                #
2025-04-25 10:05:41.073 [main] INFO  org.flash.till.Application line:17  - #  FlashTill Application Started Successfully!   #
2025-04-25 10:05:41.073 [main] INFO  org.flash.till.Application line:18  - #                                                #
2025-04-25 10:05:41.073 [main] INFO  org.flash.till.Application line:19  - ##################################################
2025-04-25 10:05:41.075 [main] INFO  org.flash.till.Application line:20  - 
2025-04-25 10:05:41.075 [main] INFO  org.flash.till.Application line:21  - *#-      Java Version: 17.0.11 
2025-04-25 10:05:41.078 [main] INFO  org.flash.till.Application line:22  - *#- Working Directory: D:\ideaprojects\FlashTill 
2025-04-25 10:05:41.078 [main] INFO  org.flash.till.Application line:23  - *#-  Operating System: Windows 11 
2025-04-25 10:05:41.079 [main] INFO  org.flash.till.Application line:24  - 
2025-04-25 10:05:41.079 [main] INFO  org.flash.till.Application line:25  - ##################################################
2025-04-25 10:05:41.079 [main] INFO  org.flash.till.Application line:26  - #                                                #
2025-04-25 10:05:41.079 [main] INFO  org.flash.till.Application line:27  - #  Application is now running...                 #
2025-04-25 10:05:41.079 [main] INFO  org.flash.till.Application line:28  - #                                                #
2025-04-25 10:05:41.079 [main] INFO  org.flash.till.Application line:29  - ##################################################
